<?xml version="1.0" encoding="UTF-8"?>
<!-- Generated by org.testng.reporters.JUnitReportReporter -->
<testsuite hostname="DESKTOP-O2EBINU" failures="0" tests="1" name="RestAPI.Day3_RestAssured_QueryAndPathParameters" time="79.950" errors="0" timestamp="2025-09-03T12:47:29 IST" skipped="0">
  <testcase classname="RestAPI.Day3_RestAssured_QueryAndPathParameters" name="PathandQueryParameters" time="79.950"/>
</testsuite> <!-- RestAPI.Day3_RestAssured_QueryAndPathParameters -->
