<?xml version="1.0" encoding="UTF-8"?>
<!-- Generated by org.testng.reporters.JUnitReportReporter -->
<testsuite hostname="DESKTOP-O2EBINU" failures="0" tests="1" name="RestAPI.Day2_RestAssured2" time="16.170" errors="0" timestamp="2025-09-02T18:57:37 IST" skipped="0">
  <testcase classname="RestAPI.Day2_RestAssured2" name="getuser" time="16.170"/>
</testsuite> <!-- RestAPI.Day2_RestAssured2 -->
