<?xml version="1.0" encoding="UTF-8"?>
<!-- Generated by org.testng.reporters.JUnitReportReporter -->
<testsuite hostname="DESKTOP-O2EBINU" failures="0" tests="1" name="RestAPI.Day3_RestAssured_cOOKIES_HEADERS" time="42.948" errors="0" timestamp="2025-09-03T19:20:58 IST" skipped="0">
  <testcase classname="RestAPI.Day3_RestAssured_cOOKIES_HEADERS" name="Headers" time="42.948"/>
</testsuite> <!-- RestAPI.Day3_RestAssured_cOOKIES_HEADERS -->
