<?xml version="1.0" encoding="UTF-8"?>
<!-- Generated by org.testng.reporters.JUnitReportReporter -->
<testsuite hostname="DESKTOP-O2EBINU" failures="0" tests="1" name="RestAPI.Day2_RestAssured3_setDataUsingPOJO" time="25.979" errors="0" timestamp="2025-09-02T19:47:10 IST" skipped="0">
  <testcase classname="RestAPI.Day2_RestAssured3_setDataUsingPOJO" name="createUser" time="25.979"/>
</testsuite> <!-- RestAPI.Day2_RestAssured3_setDataUsingPOJO -->
