<?xml version="1.0" encoding="UTF-8"?>
<!-- Generated by org.testng.reporters.JUnitReportReporter -->
<testsuite hostname="DESKTOP-O2EBINU" failures="0" tests="1" name="RestAPI.Day4_RestAssured_ValidatingJSONResponses" time="127.056" errors="0" timestamp="2025-09-04T22:34:13 IST" skipped="0">
  <testcase classname="RestAPI.Day4_RestAssured_ValidatingJSONResponses" name="ValidingjsonResponse1" time="127.056"/>
</testsuite> <!-- RestAPI.Day4_RestAssured_ValidatingJSONResponses -->
