<?xml version="1.0" encoding="UTF-8"?>
<!-- Generated by org.testng.reporters.JUnitReportReporter -->
<testsuite hostname="DESKTOP-O2EBINU" failures="0" tests="1" name="RestAPI.Day1_RestAssured" time="14.880" errors="0" timestamp="2025-09-02T19:09:35 IST" skipped="0">
  <testcase classname="RestAPI.Day1_RestAssured" name="createUser" time="14.880"/>
</testsuite> <!-- RestAPI.Day1_RestAssured -->
