<?xml version="1.0" encoding="UTF-8"?>
<!-- Generated by org.testng.reporters.JUnitReportReporter -->
<testsuite hostname="DESKTOP-O2EBINU" failures="0" tests="1" name="RestAPI.Day2_RestAssured3_setDataUsingExternalJSONFile" time="22.760" errors="0" timestamp="2025-09-02T20:36:56 IST" skipped="0">
  <testcase classname="RestAPI.Day2_RestAssured3_setDataUsingExternalJSONFile" name="createUser" time="22.760"/>
</testsuite> <!-- RestAPI.Day2_RestAssured3_setDataUsingExternalJSONFile -->
